__main__ Preprocessing data from /mnt/lsens/data/PB191/Recording/Ephys/PB191_20241210_110601.
__main__ Recording using 4 probe(s).
__main__ Processed data will be saved to /mnt/lsens/analysis/Jules_Lebert/data/PB191/PB191_20241210_110601/Ephys.
__main__ Starting CatGT.
ephys_preprocessing.preprocessing.run_catgt CatGT command line will run: ['CatGT', '-dir=/mnt/lsens/data/PB191/Recording/Ephys/PB191_20241210_110601', '-run=PB191', '-prb_fld', '-prb_miss_ok', '-g=0', '-t=0,0', '-t_miss_ok', '-startsecs=0.0', '-maxsecs=5580', '-ni', '-lf', '-ap', '-prb=0:5', '-xa=0,0,0,1,0,0', '-xa=0,0,1,4,0,0', '-xa=0,0,2,1,1,0', '-xa=0,0,3,1,1,0', '-xa=0,0,4,2,0,0', '-xa=0,0,5,2,0,0', '-xa=0,0,6,2,0,0', '-xa=0,0,7,0.005,0.010,0', '-gblcar', '-dest=/mnt/lsens/analysis/Jules_Lebert/data/PB191/PB191_20241210_110601/Ephys', '-out_prb_fld']
ephys_preprocessing.preprocessing.run_catgt Running CatGT on PB191_g0.
ephys_preprocessing.preprocessing.run_catgt Opening CatGT log file at: /home/lebert/code/spikesorting_pipeline/tools/CatGT-linux/CatGT.log
__main__ Finished CatGT in 00:00:01.
__main__ Starting artifact correction.
__main__ An error has been caught in function '<module>', process 'MainProcess' (2025346), thread 'MainThread' (140566165296960):
[33m[1mTraceback (most recent call last):[0m

> File "[32m/home/lebert/code/spikesorting_pipeline/spikeinterface_preprocessing/ephys_preprocessing/scripts/[0m[32m[1mpreprocess_spikesort.py[0m", line [33m118[0m, in [35m<module>[0m
    [1mmain[0m[1m([0m[1minput[0m[1m,[0m [1mconfig[0m[1m)[0m
    [36m│    │      └ [0m[36m[1mPosixPath('/home/lebert/code/spikesorting_pipeline/spikeinterface_preprocessing/ephys_preprocessing/ephys_preprocessing/prepr...[0m
    [36m│    └ [0m[36m[1mPosixPath('/mnt/lsens/data/PB191/Recording/Ephys/PB191_20241210_110601')[0m
    [36m└ [0m[36m[1m<function main at 0x7fd81b2afc40>[0m

  File "[32m/home/lebert/code/spikesorting_pipeline/spikeinterface_preprocessing/ephys_preprocessing/scripts/[0m[32m[1mpreprocess_spikesort.py[0m", line [33m60[0m, in [35mmain[0m
    [1mrun_artifact_correction[0m[35m[1m.[0m[1mmain[0m[1m([0m[1mprocessed_dir[0m[1m,[0m [1mconfig[0m[1m)[0m
    [36m│                       │    │              └ [0m[36m[1m{'raw_data_path': '/mnt/lsens/data', 'output_path': '/mnt/lsens/analysis/Jules_Lebert/data', 'mice_info_path': '/mnt/lsens/an...[0m
    [36m│                       │    └ [0m[36m[1m'/mnt/lsens/analysis/Jules_Lebert/data/PB191/PB191_20241210_110601/Ephys'[0m
    [36m│                       └ [0m[36m[1m<function main at 0x7fd7efc41300>[0m
    [36m└ [0m[36m[1m<module 'ephys_preprocessing.preprocessing.run_artifact_correction' from '/home/lebert/code/spikesorting_pipeline/spikeinterf...[0m

  File "[32m/home/lebert/code/spikesorting_pipeline/spikeinterface_preprocessing/ephys_preprocessing/ephys_preprocessing/preprocessing/[0m[32m[1mrun_artifact_correction.py[0m", line [33m35[0m, in [35mmain[0m
    [1mepoch_name[0m [35m[1m=[0m [1mos[0m[35m[1m.[0m[1mlistdir[0m[1m([0m[1minput_dir[0m[1m)[0m[1m[[0m[34m[1m0[0m[1m][0m
    [36m             │  │       └ [0m[36m[1m'/mnt/lsens/analysis/Jules_Lebert/data/PB191/PB191_20241210_110601/Ephys'[0m
    [36m             │  └ [0m[36m[1m<built-in function listdir>[0m
    [36m             └ [0m[36m[1m<module 'os' (frozen)>[0m

[31m[1mIndexError[0m:[1m list index out of range[0m
