__main__ Preprocessing data from /mnt/lsens/data/PB191/Recording/Ephys/PB191_20241210_110601.
__main__ Recording using 4 probe(s).
__main__ Processed data will be saved to /mnt/lsens/analysis/Jules_Lebert/data/PB191/PB191_20241210_110601/Ephys.
__main__ Starting CatGT.
__main__ An error has been caught in function '<module>', process 'MainProcess' (2029167), thread 'MainThread' (139995281393472):
[33m[1mTraceback (most recent call last):[0m

> File "[32m/home/lebert/code/spikesorting_pipeline/spikeinterface_preprocessing/ephys_preprocessing/scripts/[0m[32m[1mpreprocess_spikesort.py[0m", line [33m118[0m, in [35m<module>[0m
    [1mmain[0m[1m([0m[1minput[0m[1m,[0m [1mconfig[0m[1m)[0m
    [36m│    │      └ [0m[36m[1mPosixPath('/home/lebert/code/spikesorting_pipeline/spikeinterface_preprocessing/ephys_preprocessing/ephys_preprocessing/prepr...[0m
    [36m│    └ [0m[36m[1mPosixPath('/mnt/lsens/data/PB191/Recording/Ephys/PB191_20241210_110601')[0m
    [36m└ [0m[36m[1m<function main at 0x7f532fd5b7e0>[0m

  File "[32m/home/lebert/code/spikesorting_pipeline/spikeinterface_preprocessing/ephys_preprocessing/scripts/[0m[32m[1mpreprocess_spikesort.py[0m", line [33m55[0m, in [35mmain[0m
    [1mrun_catgt[0m[35m[1m.[0m[1mmain[0m[1m([0m[1minput_dir[0m[1m,[0m [1mprocessed_dir[0m[1m,[0m [1mconfig[0m[1m[[0m[36m'catgt'[0m[1m][0m[1m)[0m
    [36m│         │    │          │              └ [0m[36m[1m{'raw_data_path': '/mnt/lsens/data', 'output_path': '/mnt/lsens/analysis/Jules_Lebert/data', 'mice_info_path': '/mnt/lsens/an...[0m
    [36m│         │    │          └ [0m[36m[1m'/mnt/lsens/analysis/Jules_Lebert/data/PB191/PB191_20241210_110601/Ephys'[0m
    [36m│         │    └ [0m[36m[1mPosixPath('/mnt/lsens/data/PB191/Recording/Ephys/PB191_20241210_110601')[0m
    [36m│         └ [0m[36m[1m<function main at 0x7f532fd5b920>[0m
    [36m└ [0m[36m[1m<module 'ephys_preprocessing.preprocessing.run_catgt' from '/home/lebert/code/spikesorting_pipeline/spikeinterface_preprocess...[0m

  File "[32m/home/lebert/code/spikesorting_pipeline/spikeinterface_preprocessing/ephys_preprocessing/ephys_preprocessing/preprocessing/[0m[32m[1mrun_catgt.py[0m", line [33m35[0m, in [35mmain[0m
    [1mcatGTexe_fullpath[0m [35m[1m=[0m [1mconfig[0m[1m[[0m[36m'catgt'[0m[1m][0m[1m[[0m[36m'catgt_path'[0m[1m][0m
    [36m                    └ [0m[36m[1m{'catgt_path': '/home/lebert/code/spikesorting_pipeline/tools/CatGT-linux'}[0m

[31m[1mKeyError[0m:[1m 'catgt'[0m
